2025-05-29 21:09:10,795 [INFO] ====== WebDriver manager ======
2025-05-29 21:09:11,993 [INFO] Get LATEST chromedriver version for google-chrome
2025-05-29 21:09:12,103 [INFO] Get LATEST chromedriver version for google-chrome
2025-05-29 21:09:12,226 [INFO] Driver [C:\Users\joaov\.wdm\drivers\chromedriver\win64\136.0.7103.113\chromedriver-win32/chromedriver.exe] found in cache
2025-05-29 21:09:26,896 [INFO] [DEBUG - ÚLTIMA LINHA CSV] 67862_game_1,31:12
2025-06-02 15:21:39,339 [INFO] ====== WebDriver manager ======
2025-06-02 15:21:41,191 [INFO] Get LATEST chromedriver version for google-chrome
2025-06-02 15:21:41,301 [INFO] Get LATEST chromedriver version for google-chrome
2025-06-02 15:21:41,414 [INFO] Driver [C:\Users\jp\.wdm\drivers\chromedriver\win64\137.0.7151.55\chromedriver-win32/chromedriver.exe] found in cache
2025-06-02 15:21:54,765 [INFO] [DEBUG - ÚLTIMA LINHA CSV] 67862_game_1,31:12
2025-06-02 15:25:33,836 [INFO] ====== WebDriver manager ======
2025-06-02 15:25:35,630 [INFO] Get LATEST chromedriver version for google-chrome
2025-06-02 15:25:35,736 [INFO] Get LATEST chromedriver version for google-chrome
2025-06-02 15:25:35,834 [INFO] Driver [C:\Users\jp\.wdm\drivers\chromedriver\win64\137.0.7151.55\chromedriver-win32/chromedriver.exe] found in cache
2025-06-02 15:25:49,694 [INFO] [DEBUG - ÚLTIMA LINHA CSV] 67862_game_1,31:12
2025-06-02 16:08:47,432 [INFO] ====== WebDriver manager ======
2025-06-02 16:08:49,290 [INFO] Get LATEST chromedriver version for google-chrome
2025-06-02 16:08:49,442 [INFO] Get LATEST chromedriver version for google-chrome
2025-06-02 16:08:49,546 [INFO] Driver [C:\Users\jp\.wdm\drivers\chromedriver\win64\137.0.7151.55\chromedriver-win32/chromedriver.exe] found in cache
2025-06-02 16:09:03,824 [INFO] [DEBUG - ÚLTIMA LINHA CSV] 67862_game_1,31:12
2025-06-02 16:19:00,338 [INFO] ====== WebDriver manager ======
2025-06-02 16:19:02,138 [INFO] Get LATEST chromedriver version for google-chrome
2025-06-02 16:19:02,254 [INFO] Get LATEST chromedriver version for google-chrome
2025-06-02 16:19:02,356 [INFO] Driver [C:\Users\jp\.wdm\drivers\chromedriver\win64\137.0.7151.55\chromedriver-win32/chromedriver.exe] found in cache
2025-06-02 16:19:16,086 [INFO] [DEBUG - ÚLTIMA LINHA CSV] 67862_game_1,31:12
2025-06-02 16:24:02,657 [INFO] ====== WebDriver manager ======
2025-06-02 16:24:04,384 [INFO] Get LATEST chromedriver version for google-chrome
2025-06-02 16:24:04,519 [INFO] Get LATEST chromedriver version for google-chrome
2025-06-02 16:24:04,619 [INFO] Driver [C:\Users\jp\.wdm\drivers\chromedriver\win64\137.0.7151.55\chromedriver-win32/chromedriver.exe] found in cache
2025-06-02 16:24:17,722 [INFO] [DEBUG - ÚLTIMA LINHA CSV] 67862_game_1,31:12
2025-06-02 16:29:57,961 [INFO] ====== WebDriver manager ======
2025-06-02 16:29:59,899 [INFO] Get LATEST chromedriver version for google-chrome
2025-06-02 16:30:00,014 [INFO] Get LATEST chromedriver version for google-chrome
2025-06-02 16:30:00,112 [INFO] Driver [C:\Users\jp\.wdm\drivers\chromedriver\win64\137.0.7151.55\chromedriver-win32/chromedriver.exe] found in cache
2025-06-02 16:30:14,461 [INFO] [DEBUG - ÚLTIMA LINHA CSV] 67862_game_1,31:12
2025-06-02 17:08:15,723 [INFO] ====== WebDriver manager ======
2025-06-02 17:08:17,725 [INFO] Get LATEST chromedriver version for google-chrome
2025-06-02 17:08:17,860 [INFO] Get LATEST chromedriver version for google-chrome
2025-06-02 17:08:17,967 [INFO] Driver [C:\Users\jp\.wdm\drivers\chromedriver\win64\137.0.7151.55\chromedriver-win32/chromedriver.exe] found in cache
2025-06-02 17:08:31,165 [INFO] [DEBUG - ÚLTIMA LINHA CSV] 67862_game_1,31:12
2025-06-02 17:11:39,800 [INFO] ====== WebDriver manager ======
2025-06-02 17:11:41,611 [INFO] Get LATEST chromedriver version for google-chrome
2025-06-02 17:11:41,758 [INFO] Get LATEST chromedriver version for google-chrome
2025-06-02 17:11:41,867 [INFO] Driver [C:\Users\jp\.wdm\drivers\chromedriver\win64\137.0.7151.55\chromedriver-win32/chromedriver.exe] found in cache
2025-06-02 17:11:54,683 [INFO] [DEBUG - ÚLTIMA LINHA CSV] 67862_game_1,31:12
2025-06-02 17:20:55,942 [INFO] ====== WebDriver manager ======
2025-06-02 17:20:57,862 [INFO] Get LATEST chromedriver version for google-chrome
2025-06-02 17:20:58,002 [INFO] Get LATEST chromedriver version for google-chrome
2025-06-02 17:20:58,106 [INFO] Driver [C:\Users\jp\.wdm\drivers\chromedriver\win64\137.0.7151.55\chromedriver-win32/chromedriver.exe] found in cache
2025-06-02 17:21:11,245 [INFO] [DEBUG - ÚLTIMA LINHA CSV] 67862_game_1,31:12
2025-06-02 17:35:12,195 [INFO] ====== WebDriver manager ======
2025-06-02 17:35:14,021 [INFO] Get LATEST chromedriver version for google-chrome
2025-06-02 17:35:14,159 [INFO] Get LATEST chromedriver version for google-chrome
2025-06-02 17:35:14,264 [INFO] Driver [C:\Users\jp\.wdm\drivers\chromedriver\win64\137.0.7151.55\chromedriver-win32/chromedriver.exe] found in cache
2025-06-02 17:35:27,514 [INFO] [DEBUG - ÚLTIMA LINHA CSV] 67862_game_1,31:12
2025-06-02 17:37:04,037 [INFO] ====== WebDriver manager ======
2025-06-02 17:37:05,813 [INFO] Get LATEST chromedriver version for google-chrome
2025-06-02 17:37:05,927 [INFO] Get LATEST chromedriver version for google-chrome
2025-06-02 17:37:06,035 [INFO] Driver [C:\Users\jp\.wdm\drivers\chromedriver\win64\137.0.7151.55\chromedriver-win32/chromedriver.exe] found in cache
2025-06-02 17:37:18,630 [INFO] [DEBUG - ÚLTIMA LINHA CSV] 67862_game_1,31:12
2025-06-02 17:56:30,188 [INFO] ====== WebDriver manager ======
2025-06-02 17:56:31,998 [INFO] Get LATEST chromedriver version for google-chrome
2025-06-02 17:56:32,122 [INFO] Get LATEST chromedriver version for google-chrome
2025-06-02 17:56:32,227 [INFO] Driver [C:\Users\jp\.wdm\drivers\chromedriver\win64\137.0.7151.55\chromedriver-win32/chromedriver.exe] found in cache
2025-06-02 17:56:45,334 [INFO] [DEBUG - ÚLTIMA LINHA CSV] 67862_game_1,31:12
2025-06-02 18:01:14,178 [INFO] ====== WebDriver manager ======
2025-06-02 18:01:15,989 [INFO] Get LATEST chromedriver version for google-chrome
2025-06-02 18:01:16,119 [INFO] Get LATEST chromedriver version for google-chrome
2025-06-02 18:01:16,225 [INFO] Driver [C:\Users\jp\.wdm\drivers\chromedriver\win64\137.0.7151.55\chromedriver-win32/chromedriver.exe] found in cache
2025-06-02 18:01:30,264 [INFO] [DEBUG - ÚLTIMA LINHA CSV] 67862_game_1,31:12
2025-06-02 18:33:56,843 [INFO] ====== WebDriver manager ======
2025-06-02 18:33:58,657 [INFO] Get LATEST chromedriver version for google-chrome
2025-06-02 18:33:58,809 [INFO] Get LATEST chromedriver version for google-chrome
2025-06-02 18:33:58,913 [INFO] Driver [C:\Users\jp\.wdm\drivers\chromedriver\win64\137.0.7151.55\chromedriver-win32/chromedriver.exe] found in cache
2025-06-02 18:34:12,556 [WARNING] xpath_options_dict não definido. Usando XPaths de exemplo. Por favor, ajuste-os para o site gol.gg.
2025-06-02 18:34:14,570 [ERROR] [get_game_time] XPath não encontrado: //div[contains(text(), 'Game Duration')]/following-sibling::div. Tentando o próximo...
2025-06-02 18:34:14,570 [ERROR] [get_game_time] Nenhuma opção de XPath para o tempo do jogo retornou um valor válido.
2025-06-02 18:34:16,608 [ERROR] [get_game_date] XPath não encontrado: //div[contains(text(), 'Date')]/following-sibling::div. Tentando o próximo...
2025-06-02 18:34:18,632 [ERROR] [get_game_date] XPath não encontrado: //time. Tentando o próximo...
2025-06-02 18:34:18,632 [ERROR] [get_game_date] Nenhuma opção de XPath para a data do jogo retornou um valor válido ou pôde ser processada.
2025-06-02 18:34:18,633 [WARNING] Tempo do jogo não foi encontrado. Prosseguindo sem ele.
2025-06-02 18:34:18,633 [WARNING] Data do jogo não foi encontrada. Prosseguindo sem ela.
2025-06-02 18:34:18,645 [INFO] [DEBUG - ÚLTIMA LINHA CSV] 67862_game_1,,
2025-06-02 18:37:20,334 [INFO] ====== WebDriver manager ======
2025-06-02 18:37:22,591 [INFO] Get LATEST chromedriver version for google-chrome
2025-06-02 18:37:22,736 [INFO] Get LATEST chromedriver version for google-chrome
2025-06-02 18:37:22,834 [INFO] Driver [C:\Users\jp\.wdm\drivers\chromedriver\win64\137.0.7151.55\chromedriver-win32/chromedriver.exe] found in cache
2025-06-02 18:37:37,475 [INFO] [DEBUG - ÚLTIMA LINHA CSV] 67862_game_1,31:12
2025-06-02 19:14:36,720 [INFO] ====== WebDriver manager ======
2025-06-02 19:14:38,563 [INFO] Get LATEST chromedriver version for google-chrome
2025-06-02 19:14:38,744 [INFO] Get LATEST chromedriver version for google-chrome
2025-06-02 19:14:38,873 [INFO] Driver [C:\Users\jp\.wdm\drivers\chromedriver\win64\137.0.7151.55\chromedriver-win32/chromedriver.exe] found in cache
2025-06-02 19:14:52,708 [INFO] [DEBUG - ÚLTIMA LINHA CSV] 67862_game_1,31:12
2025-06-02 19:16:43,805 [INFO] ====== WebDriver manager ======
2025-06-02 19:16:45,670 [INFO] Get LATEST chromedriver version for google-chrome
2025-06-02 19:16:45,780 [INFO] Get LATEST chromedriver version for google-chrome
2025-06-02 19:16:45,892 [INFO] Driver [C:\Users\jp\.wdm\drivers\chromedriver\win64\137.0.7151.55\chromedriver-win32/chromedriver.exe] found in cache
2025-06-02 19:16:59,215 [INFO] [DEBUG - ÚLTIMA LINHA CSV] 67862_game_1,31:12
2025-06-02 19:17:54,211 [INFO] ====== WebDriver manager ======
2025-06-02 19:17:56,157 [INFO] Get LATEST chromedriver version for google-chrome
2025-06-02 19:17:56,386 [INFO] Get LATEST chromedriver version for google-chrome
2025-06-02 19:17:56,497 [INFO] Driver [C:\Users\jp\.wdm\drivers\chromedriver\win64\137.0.7151.55\chromedriver-win32/chromedriver.exe] found in cache
2025-06-02 19:18:09,593 [INFO] [DEBUG - ÚLTIMA LINHA CSV] 67862_game_1,31:12
2025-06-02 19:37:50,141 [INFO] ====== WebDriver manager ======
2025-06-02 19:37:51,951 [INFO] Get LATEST chromedriver version for google-chrome
2025-06-02 19:37:52,114 [INFO] Get LATEST chromedriver version for google-chrome
2025-06-02 19:37:52,221 [INFO] Driver [C:\Users\jp\.wdm\drivers\chromedriver\win64\137.0.7151.55\chromedriver-win32/chromedriver.exe] found in cache
2025-06-02 19:38:06,182 [INFO] [DEBUG - ÚLTIMA LINHA CSV] 67862_game_1,31:12
2025-06-02 19:47:23,787 [INFO] ====== WebDriver manager ======
2025-06-02 19:47:25,676 [INFO] Get LATEST chromedriver version for google-chrome
2025-06-02 19:47:25,808 [INFO] Get LATEST chromedriver version for google-chrome
2025-06-02 19:47:25,920 [INFO] Driver [C:\Users\jp\.wdm\drivers\chromedriver\win64\137.0.7151.55\chromedriver-win32/chromedriver.exe] found in cache
2025-06-02 19:47:39,817 [INFO] [DEBUG - ÚLTIMA LINHA CSV] 67862_game_1,31:12
2025-06-02 19:48:00,981 [INFO] ====== WebDriver manager ======
2025-06-02 19:48:02,749 [INFO] Get LATEST chromedriver version for google-chrome
2025-06-02 19:48:02,865 [INFO] Get LATEST chromedriver version for google-chrome
2025-06-02 19:48:02,981 [INFO] Driver [C:\Users\jp\.wdm\drivers\chromedriver\win64\137.0.7151.55\chromedriver-win32/chromedriver.exe] found in cache
2025-06-02 19:48:16,116 [INFO] [DEBUG - ÚLTIMA LINHA CSV] 67862_game_1,31:12
2025-06-02 19:48:52,545 [INFO] ====== WebDriver manager ======
2025-06-02 19:48:54,351 [INFO] Get LATEST chromedriver version for google-chrome
2025-06-02 19:48:54,481 [INFO] Get LATEST chromedriver version for google-chrome
2025-06-02 19:48:54,628 [INFO] Driver [C:\Users\jp\.wdm\drivers\chromedriver\win64\137.0.7151.55\chromedriver-win32/chromedriver.exe] found in cache
2025-06-02 19:49:07,483 [INFO] [DEBUG - ÚLTIMA LINHA CSV] 67862_game_1,31:12
2025-06-02 19:49:50,022 [INFO] ====== WebDriver manager ======
2025-06-02 19:49:51,871 [INFO] Get LATEST chromedriver version for google-chrome
2025-06-02 19:49:51,989 [INFO] Get LATEST chromedriver version for google-chrome
2025-06-02 19:49:52,092 [INFO] Driver [C:\Users\jp\.wdm\drivers\chromedriver\win64\137.0.7151.55\chromedriver-win32/chromedriver.exe] found in cache
2025-06-02 19:50:04,914 [INFO] [DEBUG - ÚLTIMA LINHA CSV] 67862_game_1,31:12
2025-06-02 19:55:07,616 [INFO] ====== WebDriver manager ======
2025-06-02 19:55:09,467 [INFO] Get LATEST chromedriver version for google-chrome
2025-06-02 19:55:09,577 [INFO] Get LATEST chromedriver version for google-chrome
2025-06-02 19:55:09,689 [INFO] Driver [C:\Users\jp\.wdm\drivers\chromedriver\win64\137.0.7151.55\chromedriver-win32/chromedriver.exe] found in cache
2025-06-02 19:55:22,802 [INFO] [DEBUG - ÚLTIMA LINHA CSV] 67862_game_1,31:12,2025-05-18,WEEK7
2025-06-02 20:10:10,519 [INFO] ====== WebDriver manager ======
2025-06-02 20:10:12,320 [INFO] Get LATEST chromedriver version for google-chrome
2025-06-02 20:10:12,435 [INFO] Get LATEST chromedriver version for google-chrome
2025-06-02 20:10:12,540 [INFO] Driver [C:\Users\jp\.wdm\drivers\chromedriver\win64\137.0.7151.55\chromedriver-win32/chromedriver.exe] found in cache
2025-06-02 20:10:25,873 [INFO] [DEBUG - ÚLTIMA LINHA CSV] 67862_game_1,31:12,2025-05-18,WEEK7
2025-06-02 20:18:00,120 [INFO] ====== WebDriver manager ======
2025-06-02 20:18:01,934 [INFO] Get LATEST chromedriver version for google-chrome
2025-06-02 20:18:02,049 [INFO] Get LATEST chromedriver version for google-chrome
2025-06-02 20:18:02,167 [INFO] There is no [win64] chromedriver "137.0.7151.68" for browser google-chrome "137.0.7151" in cache
2025-06-02 20:18:02,168 [INFO] Get LATEST chromedriver version for google-chrome
2025-06-02 20:18:02,482 [INFO] WebDriver version 137.0.7151.68 selected
2025-06-02 20:18:02,488 [INFO] Modern chrome version https://storage.googleapis.com/chrome-for-testing-public/137.0.7151.68/win32/chromedriver-win32.zip
2025-06-02 20:18:02,489 [INFO] About to download new driver from https://storage.googleapis.com/chrome-for-testing-public/137.0.7151.68/win32/chromedriver-win32.zip
2025-06-02 20:18:02,661 [INFO] Driver downloading response is 200
2025-06-02 20:18:04,491 [INFO] Get LATEST chromedriver version for google-chrome
2025-06-02 20:18:04,744 [INFO] Driver has been saved in cache [C:\Users\jp\.wdm\drivers\chromedriver\win64\137.0.7151.68]
2025-06-02 20:18:18,389 [INFO] [DEBUG - ÚLTIMA LINHA CSV] 67862_game_1,31:12,2025-05-18,WEEK7
2025-06-02 20:25:01,709 [INFO] ====== WebDriver manager ======
2025-06-02 20:25:03,502 [INFO] Get LATEST chromedriver version for google-chrome
2025-06-02 20:25:03,610 [INFO] Get LATEST chromedriver version for google-chrome
2025-06-02 20:25:03,721 [INFO] Driver [C:\Users\jp\.wdm\drivers\chromedriver\win64\137.0.7151.68\chromedriver-win32/chromedriver.exe] found in cache
2025-06-02 20:25:16,698 [INFO] [DEBUG - ÚLTIMA LINHA CSV] 67862_game_1,31:12,2025-05-18,WEEK7
2025-06-02 20:28:00,889 [INFO] ====== WebDriver manager ======
2025-06-02 20:28:02,698 [INFO] Get LATEST chromedriver version for google-chrome
2025-06-02 20:28:02,809 [INFO] Get LATEST chromedriver version for google-chrome
2025-06-02 20:28:02,903 [INFO] Driver [C:\Users\jp\.wdm\drivers\chromedriver\win64\137.0.7151.68\chromedriver-win32/chromedriver.exe] found in cache
2025-06-02 20:28:17,367 [INFO] [DEBUG - ÚLTIMA LINHA CSV] 67862_game_1,31:12,2025-05-18,WEEK7
2025-06-02 20:30:21,792 [INFO] ====== WebDriver manager ======
2025-06-02 20:30:23,649 [INFO] Get LATEST chromedriver version for google-chrome
2025-06-02 20:30:23,764 [INFO] Get LATEST chromedriver version for google-chrome
2025-06-02 20:30:23,885 [INFO] Driver [C:\Users\jp\.wdm\drivers\chromedriver\win64\137.0.7151.68\chromedriver-win32/chromedriver.exe] found in cache
2025-06-02 20:30:37,475 [ERROR] [gold_red_side] Erro ao buscar o ouro do lado vermelho: Message: invalid selector: The result of the xpath expression "/html/body/div/main/div[2]/div/div[3]/div/div/div/div[1]/div/div/div[2]/div[2]/div[2]/div[5]/span/text()" is: [object Text]. It should be an element.
  (Session info: chrome=137.0.7151.55); For documentation on this error, please visit: https://www.selenium.dev/documentation/webdriver/troubleshooting/errors#invalid-selector-exception
Stacktrace:
	GetHandleVerifier [0x0x9e3763+63299]
	GetHandleVerifier [0x0x9e37a4+63364]
	(No symbol) [0x0x811113]
	(No symbol) [0x0x817920]
	(No symbol) [0x0x819c4a]
	(No symbol) [0x0x819cc7]
	(No symbol) [0x0x859114]
	(No symbol) [0x0x859c1b]
	(No symbol) [0x0x8a2212]
	(No symbol) [0x0x87e5c4]
	(No symbol) [0x0x89fa4a]
	(No symbol) [0x0x87e376]
	(No symbol) [0x0x84d6e0]
	(No symbol) [0x0x84e544]
	GetHandleVerifier [0x0xc3e033+2531347]
	GetHandleVerifier [0x0xc39332+2511634]
	GetHandleVerifier [0x0xa09eda+220858]
	GetHandleVerifier [0x0x9fa528+156936]
	GetHandleVerifier [0x0xa00c5d+183357]
	GetHandleVerifier [0x0x9eb6c8+95912]
	GetHandleVerifier [0x0x9eb870+96336]
	GetHandleVerifier [0x0x9d664a+9770]
	BaseThreadInitThunk [0x0x7766fcc9+25]
	RtlGetAppContainerNamedObjectPath [0x0x77b482ae+286]
	RtlGetAppContainerNamedObjectPath [0x0x77b4827e+238]

2025-06-02 20:43:12,122 [INFO] ====== WebDriver manager ======
2025-06-02 20:43:13,990 [INFO] Get LATEST chromedriver version for google-chrome
2025-06-02 20:43:14,139 [INFO] Get LATEST chromedriver version for google-chrome
2025-06-02 20:43:14,254 [INFO] Driver [C:\Users\jp\.wdm\drivers\chromedriver\win64\137.0.7151.68\chromedriver-win32/chromedriver.exe] found in cache
2025-06-02 20:43:28,447 [ERROR] [gold_red_side] Erro ao buscar o ouro do lado vermelho: Message: invalid selector: Unable to locate an element with the xpath expression /html/body/div/main/div[2]/div/div[3]/div/div/div/div[1]/div/div/div[2]/div[2]/div[2]/div[5]/span/ because of the following error:
SyntaxError: Failed to execute 'evaluate' on 'Document': The string '/html/body/div/main/div[2]/div/div[3]/div/div/div/div[1]/div/div/div[2]/div[2]/div[2]/div[5]/span/' is not a valid XPath expression.
  (Session info: chrome=137.0.7151.55); For documentation on this error, please visit: https://www.selenium.dev/documentation/webdriver/troubleshooting/errors#invalid-selector-exception
Stacktrace:
	GetHandleVerifier [0x0x9e3763+63299]
	GetHandleVerifier [0x0x9e37a4+63364]
	(No symbol) [0x0x811113]
	(No symbol) [0x0x817920]
	(No symbol) [0x0x819c4a]
	(No symbol) [0x0x819cc7]
	(No symbol) [0x0x859114]
	(No symbol) [0x0x859c1b]
	(No symbol) [0x0x8a2212]
	(No symbol) [0x0x87e5c4]
	(No symbol) [0x0x89fa4a]
	(No symbol) [0x0x87e376]
	(No symbol) [0x0x84d6e0]
	(No symbol) [0x0x84e544]
	GetHandleVerifier [0x0xc3e033+2531347]
	GetHandleVerifier [0x0xc39332+2511634]
	GetHandleVerifier [0x0xa09eda+220858]
	GetHandleVerifier [0x0x9fa528+156936]
	GetHandleVerifier [0x0xa00c5d+183357]
	GetHandleVerifier [0x0x9eb6c8+95912]
	GetHandleVerifier [0x0x9eb870+96336]
	GetHandleVerifier [0x0x9d664a+9770]
	BaseThreadInitThunk [0x0x7766fcc9+25]
	RtlGetAppContainerNamedObjectPath [0x0x77b482ae+286]
	RtlGetAppContainerNamedObjectPath [0x0x77b4827e+238]

2025-06-02 20:54:32,568 [INFO] ====== WebDriver manager ======
2025-06-02 20:54:34,462 [INFO] Get LATEST chromedriver version for google-chrome
2025-06-02 20:54:34,588 [INFO] Get LATEST chromedriver version for google-chrome
2025-06-02 20:54:34,688 [INFO] Driver [C:\Users\jp\.wdm\drivers\chromedriver\win64\137.0.7151.68\chromedriver-win32/chromedriver.exe] found in cache
2025-06-02 20:54:47,786 [ERROR] [gold_red_side] Erro ao buscar o ouro do lado vermelho: Message: invalid selector: The result of the xpath expression "/html/body/div/main/div[2]/div/div[3]/div/div/div/div[1]/div/div/div[2]/div[1]/div[2]/div[5]/span/text()" is: [object Text]. It should be an element.
  (Session info: chrome=137.0.7151.55); For documentation on this error, please visit: https://www.selenium.dev/documentation/webdriver/troubleshooting/errors#invalid-selector-exception
Stacktrace:
	GetHandleVerifier [0x0x9e3763+63299]
	GetHandleVerifier [0x0x9e37a4+63364]
	(No symbol) [0x0x811113]
	(No symbol) [0x0x817920]
	(No symbol) [0x0x819c4a]
	(No symbol) [0x0x819cc7]
	(No symbol) [0x0x859114]
	(No symbol) [0x0x859c1b]
	(No symbol) [0x0x8a2212]
	(No symbol) [0x0x87e5c4]
	(No symbol) [0x0x89fa4a]
	(No symbol) [0x0x87e376]
	(No symbol) [0x0x84d6e0]
	(No symbol) [0x0x84e544]
	GetHandleVerifier [0x0xc3e033+2531347]
	GetHandleVerifier [0x0xc39332+2511634]
	GetHandleVerifier [0x0xa09eda+220858]
	GetHandleVerifier [0x0x9fa528+156936]
	GetHandleVerifier [0x0xa00c5d+183357]
	GetHandleVerifier [0x0x9eb6c8+95912]
	GetHandleVerifier [0x0x9eb870+96336]
	GetHandleVerifier [0x0x9d664a+9770]
	BaseThreadInitThunk [0x0x7766fcc9+25]
	RtlGetAppContainerNamedObjectPath [0x0x77b482ae+286]
	RtlGetAppContainerNamedObjectPath [0x0x77b4827e+238]

2025-06-02 21:00:54,313 [INFO] ====== WebDriver manager ======
2025-06-02 21:00:56,151 [INFO] Get LATEST chromedriver version for google-chrome
2025-06-02 21:00:56,295 [INFO] Get LATEST chromedriver version for google-chrome
2025-06-02 21:00:56,407 [INFO] Driver [C:\Users\jp\.wdm\drivers\chromedriver\win64\137.0.7151.68\chromedriver-win32/chromedriver.exe] found in cache
2025-06-02 21:01:09,940 [ERROR] [game_date] Erro ao buscar a data do jogo: presence_of_element_located() takes 1 positional argument but 2 were given
2025-06-02 21:03:37,821 [INFO] ====== WebDriver manager ======
2025-06-02 21:03:39,694 [INFO] Get LATEST chromedriver version for google-chrome
2025-06-02 21:03:39,808 [INFO] Get LATEST chromedriver version for google-chrome
2025-06-02 21:03:39,919 [INFO] Driver [C:\Users\jp\.wdm\drivers\chromedriver\win64\137.0.7151.68\chromedriver-win32/chromedriver.exe] found in cache
2025-06-02 21:03:53,120 [ERROR] [gold_red_side] Erro ao buscar o ouro do lado vermelho: Message: invalid selector: Unable to locate an element with the xpath expression /html/body/div/main/div[2]/div/div[3]/div/div/div/div[1]/div/div/div[2]/div[1]/div[2]/div[5]/span/ because of the following error:
SyntaxError: Failed to execute 'evaluate' on 'Document': The string '/html/body/div/main/div[2]/div/div[3]/div/div/div/div[1]/div/div/div[2]/div[1]/div[2]/div[5]/span/' is not a valid XPath expression.
  (Session info: chrome=137.0.7151.55); For documentation on this error, please visit: https://www.selenium.dev/documentation/webdriver/troubleshooting/errors#invalid-selector-exception
Stacktrace:
	GetHandleVerifier [0x0x9e3763+63299]
	GetHandleVerifier [0x0x9e37a4+63364]
	(No symbol) [0x0x811113]
	(No symbol) [0x0x817920]
	(No symbol) [0x0x819c4a]
	(No symbol) [0x0x819cc7]
	(No symbol) [0x0x859114]
	(No symbol) [0x0x859c1b]
	(No symbol) [0x0x8a2212]
	(No symbol) [0x0x87e5c4]
	(No symbol) [0x0x89fa4a]
	(No symbol) [0x0x87e376]
	(No symbol) [0x0x84d6e0]
	(No symbol) [0x0x84e544]
	GetHandleVerifier [0x0xc3e033+2531347]
	GetHandleVerifier [0x0xc39332+2511634]
	GetHandleVerifier [0x0xa09eda+220858]
	GetHandleVerifier [0x0x9fa528+156936]
	GetHandleVerifier [0x0xa00c5d+183357]
	GetHandleVerifier [0x0x9eb6c8+95912]
	GetHandleVerifier [0x0x9eb870+96336]
	GetHandleVerifier [0x0x9d664a+9770]
	BaseThreadInitThunk [0x0x7766fcc9+25]
	RtlGetAppContainerNamedObjectPath [0x0x77b482ae+286]
	RtlGetAppContainerNamedObjectPath [0x0x77b4827e+238]

2025-06-02 21:06:01,945 [INFO] ====== WebDriver manager ======
2025-06-02 21:06:03,761 [INFO] Get LATEST chromedriver version for google-chrome
2025-06-02 21:06:03,879 [INFO] Get LATEST chromedriver version for google-chrome
2025-06-02 21:06:04,013 [INFO] Driver [C:\Users\jp\.wdm\drivers\chromedriver\win64\137.0.7151.68\chromedriver-win32/chromedriver.exe] found in cache
2025-06-02 21:06:19,119 [ERROR] [gold_red_side] Erro ao buscar o ouro do lado vermelho: Message: invalid selector: The result of the xpath expression "/html/body/div/main/div[2]/div/div[3]/div/div/div/div[1]/div/div/div[2]/div[1]/div[2]/div[5]/span/text()" is: [object Text]. It should be an element.
  (Session info: chrome=137.0.7151.55); For documentation on this error, please visit: https://www.selenium.dev/documentation/webdriver/troubleshooting/errors#invalid-selector-exception
Stacktrace:
	GetHandleVerifier [0x0x9e3763+63299]
	GetHandleVerifier [0x0x9e37a4+63364]
	(No symbol) [0x0x811113]
	(No symbol) [0x0x817920]
	(No symbol) [0x0x819c4a]
	(No symbol) [0x0x819cc7]
	(No symbol) [0x0x859114]
	(No symbol) [0x0x859c1b]
	(No symbol) [0x0x8a2212]
	(No symbol) [0x0x87e5c4]
	(No symbol) [0x0x89fa4a]
	(No symbol) [0x0x87e376]
	(No symbol) [0x0x84d6e0]
	(No symbol) [0x0x84e544]
	GetHandleVerifier [0x0xc3e033+2531347]
	GetHandleVerifier [0x0xc39332+2511634]
	GetHandleVerifier [0x0xa09eda+220858]
	GetHandleVerifier [0x0x9fa528+156936]
	GetHandleVerifier [0x0xa00c5d+183357]
	GetHandleVerifier [0x0x9eb6c8+95912]
	GetHandleVerifier [0x0x9eb870+96336]
	GetHandleVerifier [0x0x9d664a+9770]
	BaseThreadInitThunk [0x0x7766fcc9+25]
	RtlGetAppContainerNamedObjectPath [0x0x77b482ae+286]
	RtlGetAppContainerNamedObjectPath [0x0x77b4827e+238]

2025-06-02 21:08:45,676 [INFO] ====== WebDriver manager ======
2025-06-02 21:08:47,545 [INFO] Get LATEST chromedriver version for google-chrome
2025-06-02 21:08:47,661 [INFO] Get LATEST chromedriver version for google-chrome
2025-06-02 21:08:47,770 [INFO] Driver [C:\Users\jp\.wdm\drivers\chromedriver\win64\137.0.7151.68\chromedriver-win32/chromedriver.exe] found in cache
2025-06-02 21:09:00,964 [ERROR] [gold_red_side] Erro ao buscar o ouro do lado vermelho: Message: invalid selector: Unable to locate an element with the xpath expression /html/body/div/main/div[2]/div/div[3]/div/div/div/div[1]/div/div/div[2]/div[1]/div[2]/div[5]/span/ because of the following error:
SyntaxError: Failed to execute 'evaluate' on 'Document': The string '/html/body/div/main/div[2]/div/div[3]/div/div/div/div[1]/div/div/div[2]/div[1]/div[2]/div[5]/span/' is not a valid XPath expression.
  (Session info: chrome=137.0.7151.55); For documentation on this error, please visit: https://www.selenium.dev/documentation/webdriver/troubleshooting/errors#invalid-selector-exception
Stacktrace:
	GetHandleVerifier [0x0x9e3763+63299]
	GetHandleVerifier [0x0x9e37a4+63364]
	(No symbol) [0x0x811113]
	(No symbol) [0x0x817920]
	(No symbol) [0x0x819c4a]
	(No symbol) [0x0x819cc7]
	(No symbol) [0x0x859114]
	(No symbol) [0x0x859c1b]
	(No symbol) [0x0x8a2212]
	(No symbol) [0x0x87e5c4]
	(No symbol) [0x0x89fa4a]
	(No symbol) [0x0x87e376]
	(No symbol) [0x0x84d6e0]
	(No symbol) [0x0x84e544]
	GetHandleVerifier [0x0xc3e033+2531347]
	GetHandleVerifier [0x0xc39332+2511634]
	GetHandleVerifier [0x0xa09eda+220858]
	GetHandleVerifier [0x0x9fa528+156936]
	GetHandleVerifier [0x0xa00c5d+183357]
	GetHandleVerifier [0x0x9eb6c8+95912]
	GetHandleVerifier [0x0x9eb870+96336]
	GetHandleVerifier [0x0x9d664a+9770]
	BaseThreadInitThunk [0x0x7766fcc9+25]
	RtlGetAppContainerNamedObjectPath [0x0x77b482ae+286]
	RtlGetAppContainerNamedObjectPath [0x0x77b4827e+238]

